<?xml version="1.0" encoding="UTF-8"?>
<testsuite name="br.com.zup.ApiPixTest" tests="1" skipped="0" failures="0" errors="0" timestamp="2021-03-25T21:30:40" hostname="ZUP-5532" time="0.015">
  <properties/>
  <testcase name="testItWorks()" classname="br.com.zup.ApiPixTest" time="0.015"/>
  <system-out><![CDATA[?[36m18:30:39.350?[0;39m ?[1;30m[Test worker]?[0;39m ?[34mINFO ?[0;39m ?[35mi.m.context.env.DefaultEnvironment?[0;39m - Established active environments: [test]
]]></system-out>
  <system-err><![CDATA[]]></system-err>
</testsuite>
